smartGrid/app/build/outputs/logs/manifest-merger-debug-report.txt
-- Merging decision tree log ---
manifest
ADDED from src\main\AndroidManifest.xml:2:1-163:12
	package
		ADDED from src\main\AndroidManifest.xml:3:5-31
		INJECTED from src\main\AndroidManifest.xml
		INJECTED from src\main\AndroidManifest.xml
	android:versionName
		ADDED from src\main\AndroidManifest.xml:5:5-30
	android:versionCode
		ADDED from src\main\AndroidManifest.xml:4:5-28
		INJECTED from src\main\AndroidManifest.xml
		INJECTED from src\main\AndroidManifest.xml
	xmlns:android
		ADDED from src\main\AndroidManifest.xml:2:11-69
uses-sdk
ADDED from src\main\AndroidManifest.xml:7:5-44
	android:targetSdkVersion
		INJECTED from src\main\AndroidManifest.xml
		INJECTED from src\main\AndroidManifest.xml
	android:minSdkVersion
		ADDED from src\main\AndroidManifest.xml:7:15-41
		INJECTED from src\main\AndroidManifest.xml
		INJECTED from src\main\AndroidManifest.xml
uses-permission#android.permission.INTERNET
ADDED from src\main\AndroidManifest.xml:9:5-67
	android:name
		ADDED from src\main\AndroidManifest.xml:9:22-64
uses-permission#android.permission.ACCESS_NETWORK_STATE
ADDED from src\main\AndroidManifest.xml:10:5-79
	android:name
		ADDED from src\main\AndroidManifest.xml:10:22-76
uses-permission#android.permission.CAMERA
ADDED from src\main\AndroidManifest.xml:11:5-65
	android:name
		ADDED from src\main\AndroidManifest.xml:11:22-62
uses-permission#android.permission.WRITE_EXTERNAL_STORAGE
ADDED from src\main\AndroidManifest.xml:12:5-81
	android:name
		ADDED from src\main\AndroidManifest.xml:12:22-78
uses-feature#android.hardware.camera
ADDED from src\main\AndroidManifest.xml:15:5-60
	android:name
		ADDED from src\main\AndroidManifest.xml:15:19-57
uses-feature#android.hardware.camera.autofocus
ADDED from src\main\AndroidManifest.xml:16:5-70
	android:name
		ADDED from src\main\AndroidManifest.xml:16:19-67
application
ADDED from src\main\AndroidManifest.xml:18:5-161:19
	android:label
		ADDED from src\main\AndroidManifest.xml:20:9-41
	android:icon
		ADDED from src\main\AndroidManifest.xml:19:9-45
activity#uncc.abilash.edu.Android_SQLActivity
ADDED from src\main\AndroidManifest.xml:21:9-30:20
	android:screenOrientation
		ADDED from src\main\AndroidManifest.xml:24:13-49
	android:label
		ADDED from src\main\AndroidManifest.xml:23:13-45
	android:name
		ADDED from src\main\AndroidManifest.xml:22:13-48
intent-filter#android.intent.action.MAIN+android.intent.category.LAUNCHER
ADDED from src\main\AndroidManifest.xml:25:13-29:29
action#android.intent.action.MAIN
ADDED from src\main\AndroidManifest.xml:26:17-69
	android:name
		ADDED from src\main\AndroidManifest.xml:26:25-66
category#android.intent.category.LAUNCHER
ADDED from src\main\AndroidManifest.xml:28:17-77
	android:name
		ADDED from src\main\AndroidManifest.xml:28:27-74
activity#uncc.abilash.edu.CommunityHomeActivity
ADDED from src\main\AndroidManifest.xml:31:9-40:20
	android:screenOrientation
		ADDED from src\main\AndroidManifest.xml:34:13-49
	android:label
		ADDED from src\main\AndroidManifest.xml:33:13-45
	android:name
		ADDED from src\main\AndroidManifest.xml:32:13-50
intent-filter#android.intent.category.DEFAULT+uncc.abilash.edu.CommunityHomeActivity
ADDED from src\main\AndroidManifest.xml:35:13-39:29
action#uncc.abilash.edu.CommunityHomeActivity
ADDED from src\main\AndroidManifest.xml:36:17-81
	android:name
		ADDED from src\main\AndroidManifest.xml:36:25-78
category#android.intent.category.DEFAULT
ADDED from src\main\AndroidManifest.xml:38:17-76
	android:name
		ADDED from src\main\AndroidManifest.xml:38:27-73
activity#uncc.abilash.edu.RegisterActivity
ADDED from src\main\AndroidManifest.xml:41:9-50:20
	android:screenOrientation
		ADDED from src\main\AndroidManifest.xml:44:13-49
	android:label
		ADDED from src\main\AndroidManifest.xml:43:13-45
	android:name
		ADDED from src\main\AndroidManifest.xml:42:13-45
intent-filter#android.intent.category.DEFAULT+uncc.abilash.edu.RegisterActivity
ADDED from src\main\AndroidManifest.xml:45:13-49:29
action#uncc.abilash.edu.RegisterActivity
ADDED from src\main\AndroidManifest.xml:46:17-76
	android:name
		ADDED from src\main\AndroidManifest.xml:46:25-73
activity#uncc.abilash.edu.BlogSpotActivity
ADDED from src\main\AndroidManifest.xml:51:9-61:20
	android:screenOrientation
		ADDED from src\main\AndroidManifest.xml:54:13-49
	android:label
		ADDED from src\main\AndroidManifest.xml:53:13-45
	android:windowSoftInputMode
		ADDED from src\main\AndroidManifest.xml:55:13-55
	android:name
		ADDED from src\main\AndroidManifest.xml:52:13-61
intent-filter#android.intent.category.DEFAULT+uncc.abilash.edu..BlogSpotActivity
ADDED from src\main\AndroidManifest.xml:56:13-60:29
action#uncc.abilash.edu..BlogSpotActivity
ADDED from src\main\AndroidManifest.xml:57:17-77
	android:name
		ADDED from src\main\AndroidManifest.xml:57:25-74
activity#uncc.abilash.edu.UserHomeActivity
ADDED from src\main\AndroidManifest.xml:62:9-72:20
	android:screenOrientation
		ADDED from src\main\AndroidManifest.xml:65:13-49
	android:label
		ADDED from src\main\AndroidManifest.xml:64:13-45
	android:windowSoftInputMode
		ADDED from src\main\AndroidManifest.xml:66:13-55
	android:name
		ADDED from src\main\AndroidManifest.xml:63:13-61
intent-filter#android.intent.category.DEFAULT+uncc.abilash.edu.UserHomeActivity
ADDED from src\main\AndroidManifest.xml:67:13-71:29
action#uncc.abilash.edu.UserHomeActivity
ADDED from src\main\AndroidManifest.xml:68:17-76
	android:name
		ADDED from src\main\AndroidManifest.xml:68:25-73
activity#uncc.abilash.edu.ManageAccountActivity
ADDED from src\main\AndroidManifest.xml:73:9-83:20
	android:screenOrientation
		ADDED from src\main\AndroidManifest.xml:76:13-49
	android:label
		ADDED from src\main\AndroidManifest.xml:75:13-45
	android:windowSoftInputMode
		ADDED from src\main\AndroidManifest.xml:77:13-55
	android:name
		ADDED from src\main\AndroidManifest.xml:74:13-66
intent-filter#android.intent.category.DEFAULT+uncc.abilash.edu.ManageAccountActivity
ADDED from src\main\AndroidManifest.xml:78:13-82:29
action#uncc.abilash.edu.ManageAccountActivity
ADDED from src\main\AndroidManifest.xml:79:17-81
	android:name
		ADDED from src\main\AndroidManifest.xml:79:25-78
activity#uncc.abilash.edu.ForgotPasswordActivity
ADDED from src\main\AndroidManifest.xml:84:9-94:20
	android:screenOrientation
		ADDED from src\main\AndroidManifest.xml:87:13-49
	android:label
		ADDED from src\main\AndroidManifest.xml:86:13-45
	android:windowSoftInputMode
		ADDED from src\main\AndroidManifest.xml:88:13-55
	android:name
		ADDED from src\main\AndroidManifest.xml:85:13-67
intent-filter#android.intent.category.DEFAULT+uncc.abilash.edu.ForgotPasswordActivity
ADDED from src\main\AndroidManifest.xml:89:13-93:29
action#uncc.abilash.edu.ForgotPasswordActivity
ADDED from src\main\AndroidManifest.xml:90:17-82
	android:name
		ADDED from src\main\AndroidManifest.xml:90:25-79
activity#uncc.abilash.edu.QuestionsActivity
ADDED from src\main\AndroidManifest.xml:95:9-105:20
	android:screenOrientation
		ADDED from src\main\AndroidManifest.xml:98:13-49
	android:label
		ADDED from src\main\AndroidManifest.xml:97:13-45
	android:windowSoftInputMode
		ADDED from src\main\AndroidManifest.xml:99:13-55
	android:name
		ADDED from src\main\AndroidManifest.xml:96:13-62
intent-filter#android.intent.category.DEFAULT+uncc.abilash.edu.QuestionsActivity
ADDED from src\main\AndroidManifest.xml:100:13-104:29
action#uncc.abilash.edu.QuestionsActivity
ADDED from src\main\AndroidManifest.xml:101:17-77
	android:name
		ADDED from src\main\AndroidManifest.xml:101:25-74
activity#uncc.abilash.edu.AnswerActivity
ADDED from src\main\AndroidManifest.xml:106:9-116:20
	android:screenOrientation
		ADDED from src\main\AndroidManifest.xml:109:13-49
	android:label
		ADDED from src\main\AndroidManifest.xml:108:13-45
	android:windowSoftInputMode
		ADDED from src\main\AndroidManifest.xml:110:13-55
	android:name
		ADDED from src\main\AndroidManifest.xml:107:13-59
intent-filter#android.intent.category.DEFAULT+uncc.abilash.edu.AnswerActivity
ADDED from src\main\AndroidManifest.xml:111:13-115:29
action#uncc.abilash.edu.AnswerActivity
ADDED from src\main\AndroidManifest.xml:112:17-74
	android:name
		ADDED from src\main\AndroidManifest.xml:112:25-71
activity#uncc.abilash.edu.InboxActivity
ADDED from src\main\AndroidManifest.xml:117:10-127:20
	android:screenOrientation
		ADDED from src\main\AndroidManifest.xml:120:13-49
	android:label
		ADDED from src\main\AndroidManifest.xml:119:13-45
	android:windowSoftInputMode
		ADDED from src\main\AndroidManifest.xml:121:13-55
	android:name
		ADDED from src\main\AndroidManifest.xml:118:13-58
intent-filter#android.intent.category.DEFAULT+uncc.abilash.edu.InboxActivity
ADDED from src\main\AndroidManifest.xml:122:13-126:29
action#uncc.abilash.edu.InboxActivity
ADDED from src\main\AndroidManifest.xml:123:17-73
	android:name
		ADDED from src\main\AndroidManifest.xml:123:25-70
activity#uncc.abilash.edu.InboxItemActivity
ADDED from src\main\AndroidManifest.xml:128:9-138:20
	android:screenOrientation
		ADDED from src\main\AndroidManifest.xml:131:13-49
	android:label
		ADDED from src\main\AndroidManifest.xml:130:13-45
	android:windowSoftInputMode
		ADDED from src\main\AndroidManifest.xml:132:13-55
	android:name
		ADDED from src\main\AndroidManifest.xml:129:13-62
intent-filter#android.intent.category.DEFAULT+uncc.abilash.edu.InboxItemActivity
ADDED from src\main\AndroidManifest.xml:133:13-137:29
action#uncc.abilash.edu.InboxItemActivity
ADDED from src\main\AndroidManifest.xml:134:17-77
	android:name
		ADDED from src\main\AndroidManifest.xml:134:25-74
activity#uncc.abilash.edu.InboxHomeActivity
ADDED from src\main\AndroidManifest.xml:139:10-149:20
	android:screenOrientation
		ADDED from src\main\AndroidManifest.xml:142:13-49
	android:label
		ADDED from src\main\AndroidManifest.xml:141:13-45
	android:windowSoftInputMode
		ADDED from src\main\AndroidManifest.xml:143:13-55
	android:name
		ADDED from src\main\AndroidManifest.xml:140:13-62
intent-filter#android.intent.category.DEFAULT+uncc.abilash.edu.InboxHomeActivity
ADDED from src\main\AndroidManifest.xml:144:13-148:29
action#uncc.abilash.edu.InboxHomeActivity
ADDED from src\main\AndroidManifest.xml:145:17-77
	android:name
		ADDED from src\main\AndroidManifest.xml:145:25-74
activity#uncc.abilash.edu.ViewReplyActivity
ADDED from src\main\AndroidManifest.xml:150:10-160:20
	android:screenOrientation
		ADDED from src\main\AndroidManifest.xml:153:13-49
	android:label
		ADDED from src\main\AndroidManifest.xml:152:13-45
	android:windowSoftInputMode
		ADDED from src\main\AndroidManifest.xml:154:13-55
	android:name
		ADDED from src\main\AndroidManifest.xml:151:13-62
intent-filter#android.intent.category.DEFAULT+uncc.abilash.edu.ViewReplyActivity
ADDED from src\main\AndroidManifest.xml:155:13-159:29
action#uncc.abilash.edu.ViewReplyActivity
ADDED from src\main\AndroidManifest.xml:156:17-77
	android:name
		ADDED from src\main\AndroidManifest.xml:156:25-74